2023-11-23T15:29:54,904 INFO  org.hibernate.validator.internal.util.Version - HV000001: Hibernate Validator 8.0.1.Final
2023-11-23T15:29:55,060 INFO  br.com.controle.estoque.EstoqueApplication - Starting EstoqueApplication using Java 20.0.1 with PID 15972 (C:\Users\ecoelho\OneDrive - Constancia Investimentos\Desktop\estoque\estoque\target\classes started by ecoelho in C:\Users\ecoelho\OneDrive - Constancia Investimentos\Desktop\estoque)
2023-11-23T15:29:55,066 DEBUG br.com.controle.estoque.EstoqueApplication - Running with Spring Boot v3.1.5, Spring v6.0.13
2023-11-23T15:29:55,068 INFO  br.com.controle.estoque.EstoqueApplication - No active profile set, falling back to 1 default profile: "default"
2023-11-23T15:29:55,267 INFO  org.springframework.boot.devtools.env.DevToolsPropertyDefaultsPostProcessor - Devtools property defaults active! Set 'spring.devtools.add-properties' to 'false' to disable
2023-11-23T15:29:55,269 INFO  org.springframework.boot.devtools.env.DevToolsPropertyDefaultsPostProcessor - For additional web related logging consider setting the 'logging.level.web' property to 'DEBUG'
2023-11-23T15:29:56,476 INFO  org.springframework.data.repository.config.RepositoryConfigurationDelegate - Bootstrapping Spring Data JPA repositories in DEFAULT mode.
2023-11-23T15:29:56,579 INFO  org.springframework.data.repository.config.RepositoryConfigurationDelegate - Finished Spring Data repository scanning in 89 ms. Found 1 JPA repository interfaces.
2023-11-23T15:29:57,502 INFO  org.springframework.boot.web.embedded.tomcat.TomcatWebServer - Tomcat initialized with port(s): 8080 (http)
2023-11-23T15:29:57,513 INFO  org.apache.coyote.http11.Http11NioProtocol - Initializing ProtocolHandler ["http-nio-8080"]
2023-11-23T15:29:57,516 INFO  org.apache.catalina.core.StandardService - Starting service [Tomcat]
2023-11-23T15:29:57,516 INFO  org.apache.catalina.core.StandardEngine - Starting Servlet engine: [Apache Tomcat/10.1.15]
2023-11-23T15:29:57,596 INFO  org.apache.catalina.core.ContainerBase.[Tomcat].[localhost].[/] - Initializing Spring embedded WebApplicationContext
2023-11-23T15:29:57,603 INFO  org.springframework.boot.web.servlet.context.ServletWebServerApplicationContext - Root WebApplicationContext: initialization completed in 2305 ms
2023-11-23T15:29:57,644 INFO  com.zaxxer.hikari.HikariDataSource - HikariPool-1 - Starting...
2023-11-23T15:29:58,174 INFO  com.zaxxer.hikari.pool.HikariPool - HikariPool-1 - Added connection conn0: url=jdbc:h2:mem:testdb user=SA
2023-11-23T15:29:58,176 INFO  com.zaxxer.hikari.HikariDataSource - HikariPool-1 - Start completed.
2023-11-23T15:29:58,282 INFO  org.springframework.boot.autoconfigure.h2.H2ConsoleAutoConfiguration - H2 console available at '/h2'. Database available at 'jdbc:h2:mem:testdb'
2023-11-23T15:29:58,662 INFO  org.hibernate.jpa.internal.util.LogHelper - HHH000204: Processing PersistenceUnitInfo [name: default]
2023-11-23T15:29:58,735 INFO  org.hibernate.Version - HHH000412: Hibernate ORM core version 6.2.13.Final
2023-11-23T15:29:58,738 INFO  org.hibernate.cfg.Environment - HHH000406: Using bytecode reflection optimizer
2023-11-23T15:29:59,144 INFO  org.springframework.orm.jpa.persistenceunit.SpringPersistenceUnitInfo - No LoadTimeWeaver setup: ignoring JPA class transformer
2023-11-23T15:29:59,207 WARN  org.hibernate.orm.deprecation - HHH90000025: H2Dialect does not need to be specified explicitly using 'hibernate.dialect' (remove the property setting and it will be selected by default)
2023-11-23T15:30:00,218 INFO  org.hibernate.engine.transaction.jta.platform.internal.JtaPlatformInitiator - HHH000489: No JTA platform available (set 'hibernate.transaction.jta.platform' to enable JTA platform integration)
2023-11-23T15:30:00,268 INFO  org.springframework.orm.jpa.LocalContainerEntityManagerFactoryBean - Initialized JPA EntityManagerFactory for persistence unit 'default'
2023-11-23T15:30:00,800 WARN  org.springframework.boot.autoconfigure.orm.jpa.JpaBaseConfiguration$JpaWebConfiguration - spring.jpa.open-in-view is enabled by default. Therefore, database queries may be performed during view rendering. Explicitly configure spring.jpa.open-in-view to disable this warning
2023-11-23T15:30:01,308 INFO  org.springframework.boot.devtools.autoconfigure.OptionalLiveReloadServer - LiveReload server is running on port 35729
2023-11-23T15:30:01,320 INFO  org.apache.coyote.http11.Http11NioProtocol - Starting ProtocolHandler ["http-nio-8080"]
2023-11-23T15:30:01,362 INFO  org.springframework.boot.web.embedded.tomcat.TomcatWebServer - Tomcat started on port(s): 8080 (http) with context path ''
2023-11-23T15:30:01,377 INFO  br.com.controle.estoque.EstoqueApplication - Started EstoqueApplication in 7.04 seconds (process running for 8.388)
2023-11-23T15:30:01,380 INFO  br.com.controle.estoque.EstoqueApplication - API de Controle de Estoque inciada e pronta para receber requisições!!!
2023-11-23T15:31:44,275 INFO  org.springframework.orm.jpa.LocalContainerEntityManagerFactoryBean - Closing JPA EntityManagerFactory for persistence unit 'default'
2023-11-23T15:31:44,285 WARN  org.springframework.beans.factory.support.DisposableBeanAdapter - Invocation of destroy method failed on bean with name 'inMemoryDatabaseShutdownExecutor': org.h2.jdbc.JdbcSQLNonTransientConnectionException: Database is already closed (to disable automatic closing at VM shutdown, add ";DB_CLOSE_ON_EXIT=FALSE" to the db URL) [90121-224]
2023-11-23T15:31:44,285 INFO  com.zaxxer.hikari.HikariDataSource - HikariPool-1 - Shutdown initiated...
2023-11-23T15:31:44,287 INFO  com.zaxxer.hikari.HikariDataSource - HikariPool-1 - Shutdown completed.
2023-11-23T15:31:49,774 | INFO  org.hibernate.validator.internal.util.Version - HV000001: Hibernate Validator 8.0.1.Final
2023-11-23T15:31:49,891 | INFO  br.com.controle.estoque.EstoqueApplication - Starting EstoqueApplication using Java 20.0.1 with PID 9528 (C:\Users\ecoelho\OneDrive - Constancia Investimentos\Desktop\estoque\estoque\target\classes started by ecoelho in C:\Users\ecoelho\OneDrive - Constancia Investimentos\Desktop\estoque)
2023-11-23T15:31:49,895 | DEBUG br.com.controle.estoque.EstoqueApplication - Running with Spring Boot v3.1.5, Spring v6.0.13
2023-11-23T15:31:49,897 | INFO  br.com.controle.estoque.EstoqueApplication - No active profile set, falling back to 1 default profile: "default"
2023-11-23T15:31:50,019 | INFO  org.springframework.boot.devtools.env.DevToolsPropertyDefaultsPostProcessor - Devtools property defaults active! Set 'spring.devtools.add-properties' to 'false' to disable
2023-11-23T15:31:50,019 | INFO  org.springframework.boot.devtools.env.DevToolsPropertyDefaultsPostProcessor - For additional web related logging consider setting the 'logging.level.web' property to 'DEBUG'
2023-11-23T15:31:50,975 | INFO  org.springframework.data.repository.config.RepositoryConfigurationDelegate - Bootstrapping Spring Data JPA repositories in DEFAULT mode.
2023-11-23T15:31:51,055 | INFO  org.springframework.data.repository.config.RepositoryConfigurationDelegate - Finished Spring Data repository scanning in 71 ms. Found 1 JPA repository interfaces.
2023-11-23T15:31:51,962 | INFO  org.springframework.boot.web.embedded.tomcat.TomcatWebServer - Tomcat initialized with port(s): 8080 (http)
2023-11-23T15:31:51,977 | INFO  org.apache.coyote.http11.Http11NioProtocol - Initializing ProtocolHandler ["http-nio-8080"]
2023-11-23T15:31:51,980 | INFO  org.apache.catalina.core.StandardService - Starting service [Tomcat]
2023-11-23T15:31:51,981 | INFO  org.apache.catalina.core.StandardEngine - Starting Servlet engine: [Apache Tomcat/10.1.15]
2023-11-23T15:31:52,071 | INFO  org.apache.catalina.core.ContainerBase.[Tomcat].[localhost].[/] - Initializing Spring embedded WebApplicationContext
2023-11-23T15:31:52,074 | INFO  org.springframework.boot.web.servlet.context.ServletWebServerApplicationContext - Root WebApplicationContext: initialization completed in 2052 ms
2023-11-23T15:31:52,110 | INFO  com.zaxxer.hikari.HikariDataSource - HikariPool-1 - Starting...
2023-11-23T15:31:52,400 | INFO  com.zaxxer.hikari.pool.HikariPool - HikariPool-1 - Added connection conn0: url=jdbc:h2:mem:testdb user=SA
2023-11-23T15:31:52,402 | INFO  com.zaxxer.hikari.HikariDataSource - HikariPool-1 - Start completed.
2023-11-23T15:31:52,417 | INFO  org.springframework.boot.autoconfigure.h2.H2ConsoleAutoConfiguration - H2 console available at '/h2'. Database available at 'jdbc:h2:mem:testdb'
2023-11-23T15:31:52,674 | INFO  org.hibernate.jpa.internal.util.LogHelper - HHH000204: Processing PersistenceUnitInfo [name: default]
2023-11-23T15:31:52,759 | INFO  org.hibernate.Version - HHH000412: Hibernate ORM core version 6.2.13.Final
2023-11-23T15:31:52,761 | INFO  org.hibernate.cfg.Environment - HHH000406: Using bytecode reflection optimizer
2023-11-23T15:31:53,271 | INFO  org.springframework.orm.jpa.persistenceunit.SpringPersistenceUnitInfo - No LoadTimeWeaver setup: ignoring JPA class transformer
2023-11-23T15:31:53,337 | WARN  org.hibernate.orm.deprecation - HHH90000025: H2Dialect does not need to be specified explicitly using 'hibernate.dialect' (remove the property setting and it will be selected by default)
2023-11-23T15:31:54,348 | INFO  org.hibernate.engine.transaction.jta.platform.internal.JtaPlatformInitiator - HHH000489: No JTA platform available (set 'hibernate.transaction.jta.platform' to enable JTA platform integration)
2023-11-23T15:31:54,397 | INFO  org.springframework.orm.jpa.LocalContainerEntityManagerFactoryBean - Initialized JPA EntityManagerFactory for persistence unit 'default'
2023-11-23T15:31:54,807 | WARN  org.springframework.boot.autoconfigure.orm.jpa.JpaBaseConfiguration$JpaWebConfiguration - spring.jpa.open-in-view is enabled by default. Therefore, database queries may be performed during view rendering. Explicitly configure spring.jpa.open-in-view to disable this warning
2023-11-23T15:31:55,231 | INFO  org.springframework.boot.devtools.autoconfigure.OptionalLiveReloadServer - LiveReload server is running on port 35729
2023-11-23T15:31:55,247 | INFO  org.apache.coyote.http11.Http11NioProtocol - Starting ProtocolHandler ["http-nio-8080"]
2023-11-23T15:31:55,281 | INFO  org.springframework.boot.web.embedded.tomcat.TomcatWebServer - Tomcat started on port(s): 8080 (http) with context path ''
2023-11-23T15:31:55,294 | INFO  br.com.controle.estoque.EstoqueApplication - Started EstoqueApplication in 6.032 seconds (process running for 7.106)
2023-11-23T15:31:55,297 | INFO  br.com.controle.estoque.EstoqueApplication - API de Controle de Estoque inciada e pronta para receber requisições!!!
2023-11-23T15:35:33,865 | INFO  org.springframework.orm.jpa.LocalContainerEntityManagerFactoryBean - Closing JPA EntityManagerFactory for persistence unit 'default'
2023-11-23T15:35:33,871 | WARN  org.springframework.beans.factory.support.DisposableBeanAdapter - Invocation of destroy method failed on bean with name 'inMemoryDatabaseShutdownExecutor': org.h2.jdbc.JdbcSQLNonTransientConnectionException: Database is already closed (to disable automatic closing at VM shutdown, add ";DB_CLOSE_ON_EXIT=FALSE" to the db URL) [90121-224]
2023-11-23T15:35:33,871 | INFO  com.zaxxer.hikari.HikariDataSource - HikariPool-1 - Shutdown initiated...
2023-11-23T15:35:33,874 | INFO  com.zaxxer.hikari.HikariDataSource - HikariPool-1 - Shutdown completed.
2023-11-23T15:35:40,727 | INFO  org.hibernate.validator.internal.util.Version - HV000001: Hibernate Validator 8.0.1.Final
2023-11-23T15:35:40,762 | INFO  br.com.controle.estoque.EstoqueApplication - Starting EstoqueApplication using Java 20.0.1 with PID 18188 (C:\Users\ecoelho\OneDrive - Constancia Investimentos\Desktop\estoque\estoque\target\classes started by ecoelho in C:\Users\ecoelho\OneDrive - Constancia Investimentos\Desktop\estoque)
2023-11-23T15:35:40,765 | DEBUG br.com.controle.estoque.EstoqueApplication - Running with Spring Boot v3.1.5, Spring v6.0.13
2023-11-23T15:35:40,767 | INFO  br.com.controle.estoque.EstoqueApplication - No active profile set, falling back to 1 default profile: "default"
2023-11-23T15:35:40,831 | INFO  org.springframework.boot.devtools.env.DevToolsPropertyDefaultsPostProcessor - Devtools property defaults active! Set 'spring.devtools.add-properties' to 'false' to disable
2023-11-23T15:35:40,831 | INFO  org.springframework.boot.devtools.env.DevToolsPropertyDefaultsPostProcessor - For additional web related logging consider setting the 'logging.level.web' property to 'DEBUG'
2023-11-23T15:35:41,947 | INFO  org.springframework.data.repository.config.RepositoryConfigurationDelegate - Bootstrapping Spring Data JPA repositories in DEFAULT mode.
2023-11-23T15:35:42,026 | INFO  org.springframework.data.repository.config.RepositoryConfigurationDelegate - Finished Spring Data repository scanning in 70 ms. Found 1 JPA repository interfaces.
2023-11-23T15:35:43,243 | INFO  org.springframework.boot.web.embedded.tomcat.TomcatWebServer - Tomcat initialized with port(s): 8080 (http)
2023-11-23T15:35:43,255 | INFO  org.apache.coyote.http11.Http11NioProtocol - Initializing ProtocolHandler ["http-nio-8080"]
2023-11-23T15:35:43,258 | INFO  org.apache.catalina.core.StandardService - Starting service [Tomcat]
2023-11-23T15:35:43,259 | INFO  org.apache.catalina.core.StandardEngine - Starting Servlet engine: [Apache Tomcat/10.1.15]
2023-11-23T15:35:43,373 | INFO  org.apache.catalina.core.ContainerBase.[Tomcat].[localhost].[/] - Initializing Spring embedded WebApplicationContext
2023-11-23T15:35:43,376 | INFO  org.springframework.boot.web.servlet.context.ServletWebServerApplicationContext - Root WebApplicationContext: initialization completed in 2541 ms
2023-11-23T15:35:43,436 | INFO  com.zaxxer.hikari.HikariDataSource - HikariPool-1 - Starting...
2023-11-23T15:35:43,682 | INFO  com.zaxxer.hikari.pool.HikariPool - HikariPool-1 - Added connection conn0: url=jdbc:h2:mem:testdb user=SA
2023-11-23T15:35:43,684 | INFO  com.zaxxer.hikari.HikariDataSource - HikariPool-1 - Start completed.
2023-11-23T15:35:43,696 | INFO  org.springframework.boot.autoconfigure.h2.H2ConsoleAutoConfiguration - H2 console available at '/h2'. Database available at 'jdbc:h2:mem:testdb'
2023-11-23T15:35:43,878 | INFO  org.hibernate.jpa.internal.util.LogHelper - HHH000204: Processing PersistenceUnitInfo [name: default]
2023-11-23T15:35:44,011 | INFO  org.hibernate.Version - HHH000412: Hibernate ORM core version 6.2.13.Final
2023-11-23T15:35:44,013 | INFO  org.hibernate.cfg.Environment - HHH000406: Using bytecode reflection optimizer
2023-11-23T15:35:44,357 | INFO  org.springframework.orm.jpa.persistenceunit.SpringPersistenceUnitInfo - No LoadTimeWeaver setup: ignoring JPA class transformer
2023-11-23T15:35:44,405 | WARN  org.hibernate.orm.deprecation - HHH90000025: H2Dialect does not need to be specified explicitly using 'hibernate.dialect' (remove the property setting and it will be selected by default)
2023-11-23T15:35:45,308 | INFO  org.hibernate.engine.transaction.jta.platform.internal.JtaPlatformInitiator - HHH000489: No JTA platform available (set 'hibernate.transaction.jta.platform' to enable JTA platform integration)
2023-11-23T15:35:45,357 | INFO  org.springframework.orm.jpa.LocalContainerEntityManagerFactoryBean - Initialized JPA EntityManagerFactory for persistence unit 'default'
2023-11-23T15:35:45,760 | WARN  org.springframework.boot.autoconfigure.orm.jpa.JpaBaseConfiguration$JpaWebConfiguration - spring.jpa.open-in-view is enabled by default. Therefore, database queries may be performed during view rendering. Explicitly configure spring.jpa.open-in-view to disable this warning
2023-11-23T15:35:46,183 | INFO  org.springframework.boot.devtools.autoconfigure.OptionalLiveReloadServer - LiveReload server is running on port 35729
2023-11-23T15:35:46,196 | INFO  org.apache.coyote.http11.Http11NioProtocol - Starting ProtocolHandler ["http-nio-8080"]
2023-11-23T15:35:46,227 | INFO  org.springframework.boot.web.embedded.tomcat.TomcatWebServer - Tomcat started on port(s): 8080 (http) with context path ''
2023-11-23T15:35:46,238 | INFO  br.com.controle.estoque.EstoqueApplication - Started EstoqueApplication in 6.355 seconds (process running for 7.744)
2023-11-23T15:35:46,241 | INFO  br.com.controle.estoque.EstoqueApplication - API de Controle de Estoque inciada e pronta para receber requisições!!!
2023-11-23T15:36:11,432 | INFO  org.springframework.orm.jpa.LocalContainerEntityManagerFactoryBean - Closing JPA EntityManagerFactory for persistence unit 'default'
2023-11-23T15:36:11,440 | WARN  org.springframework.beans.factory.support.DisposableBeanAdapter - Invocation of destroy method failed on bean with name 'inMemoryDatabaseShutdownExecutor': org.h2.jdbc.JdbcSQLNonTransientConnectionException: Database is already closed (to disable automatic closing at VM shutdown, add ";DB_CLOSE_ON_EXIT=FALSE" to the db URL) [90121-224]
2023-11-23T15:36:11,440 | INFO  com.zaxxer.hikari.HikariDataSource - HikariPool-1 - Shutdown initiated...
2023-11-23T15:36:11,442 | INFO  com.zaxxer.hikari.HikariDataSource - HikariPool-1 - Shutdown completed.
2023-11-23T15:36:16,624 - INFO  | org.hibernate.validator.internal.util.Version - HV000001: Hibernate Validator 8.0.1.Final
2023-11-23T15:36:16,664 - INFO  | br.com.controle.estoque.EstoqueApplication - Starting EstoqueApplication using Java 20.0.1 with PID 9508 (C:\Users\ecoelho\OneDrive - Constancia Investimentos\Desktop\estoque\estoque\target\classes started by ecoelho in C:\Users\ecoelho\OneDrive - Constancia Investimentos\Desktop\estoque)
2023-11-23T15:36:16,668 - DEBUG | br.com.controle.estoque.EstoqueApplication - Running with Spring Boot v3.1.5, Spring v6.0.13
2023-11-23T15:36:16,669 - INFO  | br.com.controle.estoque.EstoqueApplication - No active profile set, falling back to 1 default profile: "default"
2023-11-23T15:36:16,877 - INFO  | org.springframework.boot.devtools.env.DevToolsPropertyDefaultsPostProcessor - Devtools property defaults active! Set 'spring.devtools.add-properties' to 'false' to disable
2023-11-23T15:36:16,877 - INFO  | org.springframework.boot.devtools.env.DevToolsPropertyDefaultsPostProcessor - For additional web related logging consider setting the 'logging.level.web' property to 'DEBUG'
2023-11-23T15:36:17,762 - INFO  | org.springframework.data.repository.config.RepositoryConfigurationDelegate - Bootstrapping Spring Data JPA repositories in DEFAULT mode.
2023-11-23T15:36:17,832 - INFO  | org.springframework.data.repository.config.RepositoryConfigurationDelegate - Finished Spring Data repository scanning in 58 ms. Found 1 JPA repository interfaces.
2023-11-23T15:36:18,620 - INFO  | org.springframework.boot.web.embedded.tomcat.TomcatWebServer - Tomcat initialized with port(s): 8080 (http)
2023-11-23T15:36:18,632 - INFO  | org.apache.coyote.http11.Http11NioProtocol - Initializing ProtocolHandler ["http-nio-8080"]
2023-11-23T15:36:18,635 - INFO  | org.apache.catalina.core.StandardService - Starting service [Tomcat]
2023-11-23T15:36:18,635 - INFO  | org.apache.catalina.core.StandardEngine - Starting Servlet engine: [Apache Tomcat/10.1.15]
2023-11-23T15:36:18,717 - INFO  | org.apache.catalina.core.ContainerBase.[Tomcat].[localhost].[/] - Initializing Spring embedded WebApplicationContext
2023-11-23T15:36:18,720 - INFO  | org.springframework.boot.web.servlet.context.ServletWebServerApplicationContext - Root WebApplicationContext: initialization completed in 1839 ms
2023-11-23T15:36:18,761 - INFO  | com.zaxxer.hikari.HikariDataSource - HikariPool-1 - Starting...
2023-11-23T15:36:19,008 - INFO  | com.zaxxer.hikari.pool.HikariPool - HikariPool-1 - Added connection conn0: url=jdbc:h2:mem:testdb user=SA
2023-11-23T15:36:19,010 - INFO  | com.zaxxer.hikari.HikariDataSource - HikariPool-1 - Start completed.
2023-11-23T15:36:19,024 - INFO  | org.springframework.boot.autoconfigure.h2.H2ConsoleAutoConfiguration - H2 console available at '/h2'. Database available at 'jdbc:h2:mem:testdb'
2023-11-23T15:36:19,209 - INFO  | org.hibernate.jpa.internal.util.LogHelper - HHH000204: Processing PersistenceUnitInfo [name: default]
2023-11-23T15:36:19,285 - INFO  | org.hibernate.Version - HHH000412: Hibernate ORM core version 6.2.13.Final
2023-11-23T15:36:19,288 - INFO  | org.hibernate.cfg.Environment - HHH000406: Using bytecode reflection optimizer
2023-11-23T15:36:19,620 - INFO  | org.springframework.orm.jpa.persistenceunit.SpringPersistenceUnitInfo - No LoadTimeWeaver setup: ignoring JPA class transformer
2023-11-23T15:36:19,668 - WARN  | org.hibernate.orm.deprecation - HHH90000025: H2Dialect does not need to be specified explicitly using 'hibernate.dialect' (remove the property setting and it will be selected by default)
2023-11-23T15:36:20,534 - INFO  | org.hibernate.engine.transaction.jta.platform.internal.JtaPlatformInitiator - HHH000489: No JTA platform available (set 'hibernate.transaction.jta.platform' to enable JTA platform integration)
2023-11-23T15:36:20,584 - INFO  | org.springframework.orm.jpa.LocalContainerEntityManagerFactoryBean - Initialized JPA EntityManagerFactory for persistence unit 'default'
2023-11-23T15:36:20,891 - WARN  | org.springframework.boot.autoconfigure.orm.jpa.JpaBaseConfiguration$JpaWebConfiguration - spring.jpa.open-in-view is enabled by default. Therefore, database queries may be performed during view rendering. Explicitly configure spring.jpa.open-in-view to disable this warning
2023-11-23T15:36:21,212 - INFO  | org.springframework.boot.devtools.autoconfigure.OptionalLiveReloadServer - LiveReload server is running on port 35729
2023-11-23T15:36:21,333 - INFO  | org.apache.coyote.http11.Http11NioProtocol - Starting ProtocolHandler ["http-nio-8080"]
2023-11-23T15:36:21,363 - INFO  | org.springframework.boot.web.embedded.tomcat.TomcatWebServer - Tomcat started on port(s): 8080 (http) with context path ''
2023-11-23T15:36:21,374 - INFO  | br.com.controle.estoque.EstoqueApplication - Started EstoqueApplication in 5.221 seconds (process running for 6.227)
2023-11-23T15:36:21,378 - INFO  | br.com.controle.estoque.EstoqueApplication - API de Controle de Estoque inciada e pronta para receber requisições!!!
